#
# A fatal error has been detected by the Java Runtime Environment:
#
#  Internal Error (javaClasses.cpp:129), pid=7388, tid=7372
#  fatal error: Invalid layout of preloaded class
#
# JRE version: 7.0_13-b20
# Java VM: Java HotSpot(TM) Client VM (23.7-b01 mixed mode windows-x86 )
# Failed to write core dump. Minidumps are not enabled by default on client versions of Windows
#
# If you would like to submit a bug report, please visit:
#   http://bugreport.sun.com/bugreport/crash.jsp
#

---------------  T H R E A D  ---------------

Current thread (0x0106a800):  JavaThread "Unknown thread" [_thread_in_vm, id=7372, stack(0x00fc0000,0x01010000)]

Stack: [0x00fc0000,0x01010000],  sp=0x0100f654,  free space=317k
Native frames: (J=compiled Java code, j=interpreted, Vv=VM code, C=native code)
V  [jvm.dll+0x16f261]
V  [jvm.dll+0x1693d6]
V  [jvm.dll+0x2079f]
V  [jvm.dll+0x20826]
V  [jvm.dll+0x2e5bd]
V  [jvm.dll+0x2e869]
V  [jvm.dll+0x77ba1]
V  [jvm.dll+0x77f5b]
V  [jvm.dll+0x1290e1]
V  [jvm.dll+0x149b3a]
V  [jvm.dll+0xa98df]
C  [javaw.exe+0x13ca]
C  [javaw.exe+0x1e3c]
C  [javaw.exe+0xa5a1]
C  [javaw.exe+0xa62b]
C  [kernel32.dll+0x133ca]  BaseThreadInitThunk+0x12
C  [ntdll.dll+0x39ed2]  RtlInitializeExceptionChain+0x63
C  [ntdll.dll+0x39ea5]  RtlInitializeExceptionChain+0x36


---------------  P R O C E S S  ---------------

Java Threads: ( => current thread )

Other Threads:

=>0x0106a800 (exited) JavaThread "Unknown thread" [_thread_in_vm, id=7372, stack(0x00fc0000,0x01010000)]

VM state:not at safepoint (not fully initialized)

VM Mutex/Monitor currently owned by a thread: None

GC Heap History (0 events):
No events

Deoptimization events (0 events):
No events

Internal exceptions (0 events):
No events

Events (10 events):
Event: 0.148 loading class 0x011538f8 done
Event: 0.148 loading class 0x01152d40 done
Event: 0.148 loading class 0x01152d18
Event: 0.148 loading class 0x011c7cb8
Event: 0.148 loading class 0x011c7cb8 done
Event: 0.148 loading class 0x011c7cf0
Event: 0.149 loading class 0x011c7cf0 done
Event: 0.149 loading class 0x011bcfa8
Event: 0.149 loading class 0x011bcfa8 done
Event: 0.149 loading class 0x01152d18 done


Dynamic libraries:
0x01250000 - 0x0127f000 	D:\jre\bin\javaw.exe
0x77970000 - 0x77af0000 	C:\Windows\SysWOW64\ntdll.dll
0x76d10000 - 0x76e20000 	C:\Windows\syswow64\kernel32.dll
0x77410000 - 0x77456000 	C:\Windows\syswow64\KERNELBASE.dll
0x75640000 - 0x756e0000 	C:\Windows\syswow64\ADVAPI32.dll
0x75d80000 - 0x75e2c000 	C:\Windows\syswow64\msvcrt.dll
0x75f30000 - 0x75f49000 	C:\Windows\SysWOW64\sechost.dll
0x75550000 - 0x75640000 	C:\Windows\syswow64\RPCRT4.dll
0x754d0000 - 0x75530000 	C:\Windows\syswow64\SspiCli.dll
0x754c0000 - 0x754cc000 	C:\Windows\syswow64\CRYPTBASE.dll
0x77270000 - 0x77370000 	C:\Windows\syswow64\USER32.dll
0x77160000 - 0x771f0000 	C:\Windows\syswow64\GDI32.dll
0x77460000 - 0x7746a000 	C:\Windows\syswow64\LPK.dll
0x75af0000 - 0x75b8d000 	C:\Windows\syswow64\USP10.dll
0x70dd0000 - 0x70f6e000 	C:\Windows\WinSxS\x86_microsoft.windows.common-controls_6595b64144ccf1df_6.0.7601.17514_none_41e6975e2bd6f2b2\COMCTL32.dll
0x77480000 - 0x774d7000 	C:\Windows\syswow64\SHLWAPI.dll
0x75800000 - 0x75860000 	C:\Windows\system32\IMM32.DLL
0x77090000 - 0x7715c000 	C:\Windows\syswow64\MSCTF.dll
0x75250000 - 0x7527b000 	C:\Windows\SysWOW64\nvinit.dll
0x753f0000 - 0x753f9000 	C:\Windows\system32\VERSION.dll
0x74060000 - 0x74066000 	C:\Program Files (x86)\NVIDIA Corporation\CoProcManager\detoured.dll
0x74030000 - 0x7405a000 	C:\Program Files (x86)\NVIDIA Corporation\CoProcManager\nvd3d9wrap.dll
0x76ef0000 - 0x7708d000 	C:\Windows\syswow64\SETUPAPI.dll
0x76090000 - 0x760b7000 	C:\Windows\syswow64\CFGMGR32.dll
0x76e20000 - 0x76eaf000 	C:\Windows\syswow64\OLEAUT32.dll
0x75c20000 - 0x75d7c000 	C:\Windows\syswow64\ole32.dll
0x75530000 - 0x75542000 	C:\Windows\syswow64\DEVOBJ.dll
0x74010000 - 0x7402e000 	C:\Program Files (x86)\NVIDIA Corporation\CoProcManager\nvdxgiwrap.dll
0x632f0000 - 0x633ae000 	D:\jre\bin\msvcr100.dll
0x6cac0000 - 0x6ce0d000 	D:\jre\bin\client\jvm.dll
0x73e90000 - 0x73e97000 	C:\Windows\system32\WSOCK32.dll
0x76eb0000 - 0x76ee5000 	C:\Windows\syswow64\WS2_32.dll
0x77380000 - 0x77386000 	C:\Windows\syswow64\NSI.dll
0x71aa0000 - 0x71ad2000 	C:\Windows\system32\WINMM.dll
0x77470000 - 0x77475000 	C:\Windows\syswow64\PSAPI.DLL
0x73f30000 - 0x73f3c000 	D:\jre\bin\verify.dll
0x738f0000 - 0x73910000 	D:\jre\bin\java.dll
0x73970000 - 0x73983000 	D:\jre\bin\zip.dll
0x74490000 - 0x7457b000 	C:\Windows\system32\dbghelp.dll

VM Arguments:
jvm_args: -Dfile.encoding=GBK -Xbootclasspath:D:\Eclipse_for_Android\Eclipse_for_Android\android-sdk\platforms\android-17\android.jar 
java_command: com.example.heartcal.RandomSHU
Launcher Type: SUN_STANDARD

Environment Variables:
JAVA_HOME=D:\java_jdk
PATH=D:/jre/bin/client;D:/jre/bin;D:/jre/lib/i386;C:\Windows\system32;C:\Windows;C:\Windows\System32\Wbem;C:\Windows\System32\WindowsPowerShell\v1.0\;C:\Program Files (x86)\NVIDIA Corporation\PhysX\Common;D:\QuickTime\QTSystem\;D:\java_jdk\bin;C:\Program Files (x86)\Git\cmd;d:\OpenSSH\bin;C:\Program Files\TortoiseGit\bin;D:\Eclipse_for_Android\Eclipse_for_Android\eclipse-jee-indigo-SR1-win32\eclipse;
USERNAME=George
OS=Windows_NT
PROCESSOR_IDENTIFIER=Intel64 Family 6 Model 58 Stepping 9, GenuineIntel



---------------  S Y S T E M  ---------------

OS: Windows 7 , 64 bit Build 7601 Service Pack 1

CPU:total 4 (2 cores per cpu, 2 threads per core) family 6 model 58 stepping 9, cmov, cx8, fxsr, mmx, sse, sse2, sse3, ssse3, sse4.1, sse4.2, popcnt, avx, ht, tsc, tscinvbit, tscinv

Memory: 4k page, physical 4073836k(877956k free), swap 8145828k(3923888k free)

vm_info: Java HotSpot(TM) Client VM (23.7-b01) for windows-x86 JRE (1.7.0_13-b20), built on Jan 30 2013 10:03:58 by "java_re" with unknown MS VC++:1600

time: Fri Apr 08 21:07:10 2016
elapsed time: 0 seconds

